current directory: /Users/endotakeru/rails_myapp/.bundle/ruby/3.2.0/gems/psych-5.1.2/ext/psych
/Users/endotakeru/.rbenv/versions/3.2.3/bin/ruby extconf.rb
checking for yaml.h... yes
checking for yaml_get_version() in -lyaml... yes
creating Makefile

current directory: /Users/endotakeru/rails_myapp/.bundle/ruby/3.2.0/gems/psych-5.1.2/ext/psych
make DESTDIR\= sitearchdir\=./.gem.20240416-69953-4lap3r sitelibdir\=./.gem.20240416-69953-4lap3r clean
cd libyaml && /Library/Developer/CommandLineTools/usr/bin/make clean
/bin/sh: line 0: cd: libyaml: No such file or directory
make: [clean-so] Error 1 (ignored)

current directory: /Users/endotakeru/rails_myapp/.bundle/ruby/3.2.0/gems/psych-5.1.2/ext/psych
make DESTDIR\= sitearchdir\=./.gem.20240416-69953-4lap3r sitelibdir\=./.gem.20240416-69953-4lap3r
compiling psych.c
compiling psych_emitter.c
compiling psych_parser.c
compiling psych_to_ruby.c
compiling psych_yaml_tree.c
linking shared-object psych.bundle
ld: warning: -multiply_defined is obsolete
ld: warning: ignoring duplicate libraries: '-lruby.3.2', '-lyaml'

current directory: /Users/endotakeru/rails_myapp/.bundle/ruby/3.2.0/gems/psych-5.1.2/ext/psych
make DESTDIR\= sitearchdir\=./.gem.20240416-69953-4lap3r sitelibdir\=./.gem.20240416-69953-4lap3r install
/usr/bin/install -c -m 0755 psych.bundle ./.gem.20240416-69953-4lap3r

current directory: /Users/endotakeru/rails_myapp/.bundle/ruby/3.2.0/gems/psych-5.1.2/ext/psych
make DESTDIR\= sitearchdir\=./.gem.20240416-69953-4lap3r sitelibdir\=./.gem.20240416-69953-4lap3r clean
cd libyaml && /Library/Developer/CommandLineTools/usr/bin/make clean
/bin/sh: line 0: cd: libyaml: No such file or directory
make: [clean-so] Error 1 (ignored)
