current directory: /Users/endotakeru/rails_myapp/.bundle/ruby/3.2.0/gems/io-console-0.7.2/ext/io/console
/Users/endotakeru/.rbenv/versions/3.2.3/bin/ruby extconf.rb
checking for rb_io_path()... no
checking for rb_io_descriptor()... yes
checking for rb_io_get_write_io()... yes
checking for rb_io_closed_p()... no
checking for rb_io_open_descriptor()... no
checking for termios.h... yes
checking for cfmakeraw() in termios.h... yes
checking for sys/ioctl.h... yes
checking for HAVE_RUBY_FIBER_SCHEDULER_H... yes
creating Makefile

current directory: /Users/endotakeru/rails_myapp/.bundle/ruby/3.2.0/gems/io-console-0.7.2/ext/io/console
make DESTDIR\= sitearchdir\=./.gem.20240416-69953-nt6ib4 sitelibdir\=./.gem.20240416-69953-nt6ib4 clean

current directory: /Users/endotakeru/rails_myapp/.bundle/ruby/3.2.0/gems/io-console-0.7.2/ext/io/console
make DESTDIR\= sitearchdir\=./.gem.20240416-69953-nt6ib4 sitelibdir\=./.gem.20240416-69953-nt6ib4
compiling console.c
linking shared-object io/console.bundle
ld: warning: -multiply_defined is obsolete
ld: warning: ignoring duplicate libraries: '-lruby.3.2'

current directory: /Users/endotakeru/rails_myapp/.bundle/ruby/3.2.0/gems/io-console-0.7.2/ext/io/console
make DESTDIR\= sitearchdir\=./.gem.20240416-69953-nt6ib4 sitelibdir\=./.gem.20240416-69953-nt6ib4 install
/usr/bin/install -c -m 0755 console.bundle ./.gem.20240416-69953-nt6ib4/io

current directory: /Users/endotakeru/rails_myapp/.bundle/ruby/3.2.0/gems/io-console-0.7.2/ext/io/console
make DESTDIR\= sitearchdir\=./.gem.20240416-69953-nt6ib4 sitelibdir\=./.gem.20240416-69953-nt6ib4 clean
